<?xml version="1.0" encoding="UTF-8"?>
<!-- Generated by org.testng.reporters.JUnitReportReporter -->
<testsuite hostname="TESTERS-PC-2" name="com.example.tests.AlsoGroupCreationTests" tests="2" failures="0" timestamp="17 Mar 2014 12:09:22 GMT" time="2.804" errors="0">
  <testcase name="testEmptyGroupCreation" time="1.379" classname="com.example.tests.AlsoGroupCreationTests"/>
  <testcase name="testNonEmptyGroupCreation" time="1.425" classname="com.example.tests.AlsoGroupCreationTests"/>
</testsuite> <!-- com.example.tests.AlsoGroupCreationTests -->
