<?xml version="1.0" encoding="UTF-8"?>
<!-- Generated by org.testng.reporters.JUnitReportReporter -->
<testsuite hostname="TESTERS-PC-2" name="com.example.tests.AddAdressTests" tests="2" failures="0" timestamp="17 Mar 2014 12:09:22 GMT" time="4.998" errors="0">
  <testcase name="testNonEmptyAddAdres" time="2.983" classname="com.example.tests.AddAdressTests"/>
  <testcase name="testEmptyAddAdres" time="2.015" classname="com.example.tests.AddAdressTests"/>
</testsuite> <!-- com.example.tests.AddAdressTests -->
