<?xml version="1.0" encoding="UTF-8"?>
<!-- Generated by org.testng.reporters.JUnitReportReporter -->
<testsuite hostname="TESTERS-PC-2" name="com.example1.tests.AddAdressTests" tests="2" failures="0" timestamp="17 Mar 2014 11:42:18 GMT" time="6.463" errors="0">
  <testcase name="testEmptyAddAdres" time="2.530" classname="com.example1.tests.AddAdressTests"/>
  <testcase name="testNonEmptyAddAdres" time="3.933" classname="com.example1.tests.AddAdressTests"/>
</testsuite> <!-- com.example1.tests.AddAdressTests -->
