<?xml version="1.0" encoding="UTF-8"?>
<!-- Generated by org.testng.reporters.JUnitReportReporter -->
<testsuite hostname="TESTERS-PC-2" name="com.example.tests.GroupCreationTests" tests="2" failures="0" timestamp="17 Mar 2014 12:09:22 GMT" time="3.292" errors="0">
  <testcase name="testNonEmptyGroupCreation" time="1.772" classname="com.example.tests.GroupCreationTests"/>
  <testcase name="testEmptyGroupCreation" time="1.520" classname="com.example.tests.GroupCreationTests"/>
</testsuite> <!-- com.example.tests.GroupCreationTests -->
